#-----------------------------------------------------------
# PlanAhead v14.7 (64-bit)
# Build 321239 by xbuild on Fri Sep 27 19:29:51 MDT 2013
# Start of session at: Tue Feb 17 18:39:04 2015
# Process ID: 6820
# Log file: C:/Projects/Quadcopter/BasicQuadrotor/hdl_prj/pa_prj/planAhead.log
# Journal file: C:/Projects/Quadcopter/BasicQuadrotor/hdl_prj/pa_prj\planAhead.jou
#-----------------------------------------------------------
INFO: [Common 17-78] Attempting to get a license: PlanAhead
INFO: [Common 17-290] Got license for PlanAhead
INFO: [Device 21-36] Loading parts and site information from C:/Xilinx/14.7/ISE_DS/PlanAhead/data/parts/arch.xml
Parsing RTL primitives file [C:/Xilinx/14.7/ISE_DS/PlanAhead/data/parts/xilinx/rtl/prims/rtl_prims.xml]
Finished parsing RTL primitives file [C:/Xilinx/14.7/ISE_DS/PlanAhead/data/parts/xilinx/rtl/prims/rtl_prims.xml]
source pa_create_proj.tcl
# create_project -part xc7z020clg484-1 -force pa_prj
# set_property target_language VHDL [current_project]
# add_files -norecurse ../edk_prj/system.xmp
INFO: [Edk 24-79] Generating BXML file for 'system'...
Qt: Untested Windows version 6.2 detected!

Xilinx Platform Studio
Xilinx EDK 14.7 Build EDK_P.20131013
Copyright (c) 1995-2012 Xilinx, Inc.  All rights reserved.

XPS% Evaluating file
C:\Projects\Quadcopter\BasicQuadrotor\hdl_prj\edk_prj\__xps\pa\_system_genbxml.t
cl
WARNING:EDK - IPNAME: processing_system7, INSTANCE: ps7_0 - Pre-Production
   version not verified on hardware for architecture 'zynq' -
   C:\Projects\Quadcopter\BasicQuadrotor\hdl_prj\edk_prj\system.mhs line 31 
WARNING:EDK - IPNAME: clock_generator, INSTANCE: clock_generator_0 -
   Pre-Production version not verified on hardware for architecture 'zynq' -
   C:\Projects\Quadcopter\BasicQuadrotor\hdl_prj\edk_prj\system.mhs line 137 
WARNING:EDK - IPNAME: processing_system7, INSTANCE: ps7_0 - Pre-Production
   version not verified on hardware for architecture 'zynq' -
   C:\Projects\Quadcopter\BasicQuadrotor\hdl_prj\edk_prj\system.mhs line 31 
WARNING:EDK - IPNAME: clock_generator, INSTANCE: clock_generator_0 -
   Pre-Production version not verified on hardware for architecture 'zynq' -
   C:\Projects\Quadcopter\BasicQuadrotor\hdl_prj\edk_prj\system.mhs line 137 

Overriding IP level properties ...
INFO:EDK - IPNAME: processing_system7, INSTANCE:ps7_0 - tcl is overriding
   PARAMETER C_S_AXI_HP0_HIGHADDR value to 0x1FFFFFFF -
   C:\Xilinx\14.7\ISE_DS\EDK\hw\XilinxProcessorIPLib\pcores\processing_system7_v
   4_02_a\data\processing_system7_v2_1_0.mpd line 300 
INFO:EDK - IPNAME: processing_system7, INSTANCE:ps7_0 - tcl is overriding
   PARAMETER C_S_AXI_HP1_HIGHADDR value to 0x1FFFFFFF -
   C:\Xilinx\14.7\ISE_DS\EDK\hw\XilinxProcessorIPLib\pcores\processing_system7_v
   4_02_a\data\processing_system7_v2_1_0.mpd line 304 
INFO:EDK - IPNAME: processing_system7, INSTANCE:ps7_0 - tcl is overriding
   PARAMETER C_S_AXI_HP2_HIGHADDR value to 0x1FFFFFFF -
   C:\Xilinx\14.7\ISE_DS\EDK\hw\XilinxProcessorIPLib\pcores\processing_system7_v
   4_02_a\data\processing_system7_v2_1_0.mpd line 308 
INFO:EDK - IPNAME: processing_system7, INSTANCE:ps7_0 - tcl is overriding
   PARAMETER C_S_AXI_HP3_HIGHADDR value to 0x1FFFFFFF -
   C:\Xilinx\14.7\ISE_DS\EDK\hw\XilinxProcessorIPLib\pcores\processing_system7_v
   4_02_a\data\processing_system7_v2_1_0.mpd line 312 
INFO:EDK - IPNAME: processing_system7, INSTANCE:ps7_0 - tcl is overriding
   PARAMETER C_NUM_F2P_INTR_INPUTS value to 1 -
   C:\Xilinx\14.7\ISE_DS\EDK\hw\XilinxProcessorIPLib\pcores\processing_system7_v
   4_02_a\data\processing_system7_v2_1_0.mpd line 319 
INFO:EDK - IPNAME: axi_interconnect, INSTANCE:axi4_lite - tcl is overriding
   PARAMETER C_BASEFAMILY value to zynq -
   C:\Xilinx\14.7\ISE_DS\EDK\hw\XilinxProcessorIPLib\pcores\axi_interconnect_v1_
   06_a\data\axi_interconnect_v2_1_0.mpd line 81 

Computing clock values...
INFO:EDK - Frequency for Top-Level Input Clock 'processing_system7_0_PS_CLK' is
   not specified. Clock DRCs will not be performed for IPs connected to that
   clock port, unless they are connected through the clock generator IP. 


Performing IP level DRCs on properties...

Running DRC Tcl procedures for OPTION IPLEVEL_DRC_PROC...
INFO:EDK - INFO: DDR Base and High address in current configuration is
   0x00000000 and 0x1FFFFFFF respectively. 
INFO:EDK - INFO: You can modify the DDR address range accessed by Programmable
   Logic through the processing_system7 AXI slave interfaces. If MicroBlaze is a
   master on processing_system7 AXI slave interfaces, please use the top half of
   the address range (Base Address = 0x10000000; High Address = 0x1FFFFFFF). For
   all other master, any subset of the DDR address can be used. See Xilinx
   Answer 47167 for more information. 
Address Map for Processor ps7_0
  (0x400d0000-0x400dffff) basicquadrotorcontrol_hdl_dut_pcore_0	axi4_lite

Checking platform address map ...

Overriding IP level properties ...
INFO:EDK - IPNAME: processing_system7, INSTANCE:ps7_0 - tcl is overriding
   PARAMETER C_S_AXI_HP0_HIGHADDR value to 0x1FFFFFFF -
   C:\Xilinx\14.7\ISE_DS\EDK\hw\XilinxProcessorIPLib\pcores\processing_system7_v
   4_02_a\data\processing_system7_v2_1_0.mpd line 300 
INFO:EDK - IPNAME: processing_system7, INSTANCE:ps7_0 - tcl is overriding
   PARAMETER C_S_AXI_HP1_HIGHADDR value to 0x1FFFFFFF -
   C:\Xilinx\14.7\ISE_DS\EDK\hw\XilinxProcessorIPLib\pcores\processing_system7_v
   4_02_a\data\processing_system7_v2_1_0.mpd line 304 
INFO:EDK - IPNAME: processing_system7, INSTANCE:ps7_0 - tcl is overriding
   PARAMETER C_S_AXI_HP2_HIGHADDR value to 0x1FFFFFFF -
   C:\Xilinx\14.7\ISE_DS\EDK\hw\XilinxProcessorIPLib\pcores\processing_system7_v
   4_02_a\data\processing_system7_v2_1_0.mpd line 308 
INFO:EDK - IPNAME: processing_system7, INSTANCE:ps7_0 - tcl is overriding
   PARAMETER C_S_AXI_HP3_HIGHADDR value to 0x1FFFFFFF -
   C:\Xilinx\14.7\ISE_DS\EDK\hw\XilinxProcessorIPLib\pcores\processing_system7_v
   4_02_a\data\processing_system7_v2_1_0.mpd line 312 
INFO:EDK - IPNAME: processing_system7, INSTANCE:ps7_0 - tcl is overriding
   PARAMETER C_NUM_F2P_INTR_INPUTS value to 1 -
   C:\Xilinx\14.7\ISE_DS\EDK\hw\XilinxProcessorIPLib\pcores\processing_system7_v
   4_02_a\data\processing_system7_v2_1_0.mpd line 319 
INFO:EDK - IPNAME: axi_interconnect, INSTANCE:axi4_lite - tcl is overriding
   PARAMETER C_BASEFAMILY value to zynq -
   C:\Xilinx\14.7\ISE_DS\EDK\hw\XilinxProcessorIPLib\pcores\axi_interconnect_v1_
   06_a\data\axi_interconnect_v2_1_0.mpd line 81 

Computing clock values...
INFO:EDK - Frequency for Top-Level Input Clock 'processing_system7_0_PS_CLK' is
   not specified. Clock DRCs will not be performed for IPs connected to that
   clock port, unless they are connected through the clock generator IP. 


Performing IP level DRCs on properties...

Running DRC Tcl procedures for OPTION IPLEVEL_DRC_PROC...
INFO:EDK - INFO: DDR Base and High address in current configuration is
   0x00000000 and 0x1FFFFFFF respectively. 
INFO:EDK - INFO: You can modify the DDR address range accessed by Programmable
   Logic through the processing_system7 AXI slave interfaces. If MicroBlaze is a
   master on processing_system7 AXI slave interfaces, please use the top half of
   the address range (Base Address = 0x10000000; High Address = 0x1FFFFFFF). For
   all other master, any subset of the DDR address can be used. See Xilinx
   Answer 47167 for more information. 
Address Map for Processor ps7_0
  (0x400d0000-0x400dffff) basicquadrotorcontrol_hdl_dut_pcore_0	axi4_lite

Checking platform address map ...
rm -f implementation/system.ngc
rm -f implementation/system_ps7_0_wrapper.ngc implementation/system_axi4_lite_wrapper.ngc implementation/system_reset_0_wrapper.ngc implementation/system_clock_generator_0_wrapper.ngc implementation/system_basicquadrotorcontrol_hdl_dut_pcore_0_wrapper.ngc
rm -f platgen.log
rm -f __xps/ise/_xmsgs/platgen.xmsgs
rm -f implementation/system.bmm
rm -rf implementation/cache
rm -f implementation/system.bit
rm -f implementation/system.ncd
rm -f implementation/system_bd.bmm 
rm -f implementation/system_map.ncd 
rm -f implementation/download.bit 
rm -f __xps/system_bits
rm -rf implementation synthesis xst hdl
rm -rf xst.srp system.srp
rm -f __xps/ise/_xmsgs/bitinit.xmsgs
rm -rf __xps/ps7_instance.mhs
rm -rf simulation/behavioral
rm -f simgen.log
rm -f __xps/ise/_xmsgs/simgen.xmsgs
rm -f _impact.cmd

Overriding IP level properties ...
INFO:EDK - IPNAME: processing_system7, INSTANCE:ps7_0 - tcl is overriding
   PARAMETER C_S_AXI_HP0_HIGHADDR value to 0x1FFFFFFF -
   C:\Xilinx\14.7\ISE_DS\EDK\hw\XilinxProcessorIPLib\pcores\processing_system7_v
   4_02_a\data\processing_system7_v2_1_0.mpd line 300 
INFO:EDK - IPNAME: processing_system7, INSTANCE:ps7_0 - tcl is overriding
   PARAMETER C_S_AXI_HP1_HIGHADDR value to 0x1FFFFFFF -
   C:\Xilinx\14.7\ISE_DS\EDK\hw\XilinxProcessorIPLib\pcores\processing_system7_v
   4_02_a\data\processing_system7_v2_1_0.mpd line 304 
INFO:EDK - IPNAME: processing_system7, INSTANCE:ps7_0 - tcl is overriding
   PARAMETER C_S_AXI_HP2_HIGHADDR value to 0x1FFFFFFF -
   C:\Xilinx\14.7\ISE_DS\EDK\hw\XilinxProcessorIPLib\pcores\processing_system7_v
   4_02_a\data\processing_system7_v2_1_0.mpd line 308 
INFO:EDK - IPNAME: processing_system7, INSTANCE:ps7_0 - tcl is overriding
   PARAMETER C_S_AXI_HP3_HIGHADDR value to 0x1FFFFFFF -
   C:\Xilinx\14.7\ISE_DS\EDK\hw\XilinxProcessorIPLib\pcores\processing_system7_v
   4_02_a\data\processing_system7_v2_1_0.mpd line 312 
INFO:EDK - IPNAME: processing_system7, INSTANCE:ps7_0 - tcl is overriding
   PARAMETER C_NUM_F2P_INTR_INPUTS value to 1 -
   C:\Xilinx\14.7\ISE_DS\EDK\hw\XilinxProcessorIPLib\pcores\processing_system7_v
   4_02_a\data\processing_system7_v2_1_0.mpd line 319 
INFO:EDK - IPNAME: axi_interconnect, INSTANCE:axi4_lite - tcl is overriding
   PARAMETER C_BASEFAMILY value to zynq -
   C:\Xilinx\14.7\ISE_DS\EDK\hw\XilinxProcessorIPLib\pcores\axi_interconnect_v1_
   06_a\data\axi_interconnect_v2_1_0.mpd line 81 

Computing clock values...
INFO:EDK - Frequency for Top-Level Input Clock 'processing_system7_0_PS_CLK' is
   not specified. Clock DRCs will not be performed for IPs connected to that
   clock port, unless they are connected through the clock generator IP. 


Performing IP level DRCs on properties...

Running DRC Tcl procedures for OPTION IPLEVEL_DRC_PROC...
INFO:EDK - INFO: DDR Base and High address in current configuration is
   0x00000000 and 0x1FFFFFFF respectively. 
INFO:EDK - INFO: You can modify the DDR address range accessed by Programmable
   Logic through the processing_system7 AXI slave interfaces. If MicroBlaze is a
   master on processing_system7 AXI slave interfaces, please use the top half of
   the address range (Base Address = 0x10000000; High Address = 0x1FFFFFFF). For
   all other master, any subset of the DDR address can be used. See Xilinx
   Answer 47167 for more information. 
Address Map for Processor ps7_0
  (0x400d0000-0x400dffff) basicquadrotorcontrol_hdl_dut_pcore_0	axi4_lite

Checking platform address map ...
add_files: Time (s): elapsed = 00:00:10 . Memory (MB): peak = 133.043 ; gain = 1.008
# make_wrapper -files [get_files ../edk_prj/system.xmp] -top -fileset [get_filesets sources_1] -import
INFO: [Edk 24-182] Generating top-level vhdl wrapper for the XPS sub-design source 'system'...
Qt: Untested Windows version 6.2 detected!

Xilinx Platform Studio
Xilinx EDK 14.7 Build EDK_P.20131013
Copyright (c) 1995-2012 Xilinx, Inc.  All rights reserved.

XPS% Evaluating file
C:\Projects\Quadcopter\BasicQuadrotor\hdl_prj\edk_prj\__xps\pa\_system_top.tcl
WARNING:EDK - IPNAME: processing_system7, INSTANCE: ps7_0 - Pre-Production
   version not verified on hardware for architecture 'zynq' -
   C:\Projects\Quadcopter\BasicQuadrotor\hdl_prj\edk_prj\system.mhs line 31 
WARNING:EDK - IPNAME: clock_generator, INSTANCE: clock_generator_0 -
   Pre-Production version not verified on hardware for architecture 'zynq' -
   C:\Projects\Quadcopter\BasicQuadrotor\hdl_prj\edk_prj\system.mhs line 137 
WARNING:EDK - IPNAME: processing_system7, INSTANCE: ps7_0 - Pre-Production
   version not verified on hardware for architecture 'zynq' -
   C:\Projects\Quadcopter\BasicQuadrotor\hdl_prj\edk_prj\system.mhs line 31 
WARNING:EDK - IPNAME: clock_generator, INSTANCE: clock_generator_0 -
   Pre-Production version not verified on hardware for architecture 'zynq' -
   C:\Projects\Quadcopter\BasicQuadrotor\hdl_prj\edk_prj\system.mhs line 137 

Overriding IP level properties ...
INFO:EDK - IPNAME: processing_system7, INSTANCE:ps7_0 - tcl is overriding
   PARAMETER C_S_AXI_HP0_HIGHADDR value to 0x1FFFFFFF -
   C:\Xilinx\14.7\ISE_DS\EDK\hw\XilinxProcessorIPLib\pcores\processing_system7_v
   4_02_a\data\processing_system7_v2_1_0.mpd line 300 
INFO:EDK - IPNAME: processing_system7, INSTANCE:ps7_0 - tcl is overriding
   PARAMETER C_S_AXI_HP1_HIGHADDR value to 0x1FFFFFFF -
   C:\Xilinx\14.7\ISE_DS\EDK\hw\XilinxProcessorIPLib\pcores\processing_system7_v
   4_02_a\data\processing_system7_v2_1_0.mpd line 304 
INFO:EDK - IPNAME: processing_system7, INSTANCE:ps7_0 - tcl is overriding
   PARAMETER C_S_AXI_HP2_HIGHADDR value to 0x1FFFFFFF -
   C:\Xilinx\14.7\ISE_DS\EDK\hw\XilinxProcessorIPLib\pcores\processing_system7_v
   4_02_a\data\processing_system7_v2_1_0.mpd line 308 
INFO:EDK - IPNAME: processing_system7, INSTANCE:ps7_0 - tcl is overriding
   PARAMETER C_S_AXI_HP3_HIGHADDR value to 0x1FFFFFFF -
   C:\Xilinx\14.7\ISE_DS\EDK\hw\XilinxProcessorIPLib\pcores\processing_system7_v
   4_02_a\data\processing_system7_v2_1_0.mpd line 312 
INFO:EDK - IPNAME: processing_system7, INSTANCE:ps7_0 - tcl is overriding
   PARAMETER C_NUM_F2P_INTR_INPUTS value to 1 -
   C:\Xilinx\14.7\ISE_DS\EDK\hw\XilinxProcessorIPLib\pcores\processing_system7_v
   4_02_a\data\processing_system7_v2_1_0.mpd line 319 
INFO:EDK - IPNAME: axi_interconnect, INSTANCE:axi4_lite - tcl is overriding
   PARAMETER C_BASEFAMILY value to zynq -
   C:\Xilinx\14.7\ISE_DS\EDK\hw\XilinxProcessorIPLib\pcores\axi_interconnect_v1_
   06_a\data\axi_interconnect_v2_1_0.mpd line 81 

Computing clock values...
INFO:EDK - Frequency for Top-Level Input Clock 'processing_system7_0_PS_CLK' is
   not specified. Clock DRCs will not be performed for IPs connected to that
   clock port, unless they are connected through the clock generator IP. 


Performing IP level DRCs on properties...

Running DRC Tcl procedures for OPTION IPLEVEL_DRC_PROC...
INFO:EDK - INFO: DDR Base and High address in current configuration is
   0x00000000 and 0x1FFFFFFF respectively. 
INFO:EDK - INFO: You can modify the DDR address range accessed by Programmable
   Logic through the processing_system7 AXI slave interfaces. If MicroBlaze is a
   master on processing_system7 AXI slave interfaces, please use the top half of
   the address range (Base Address = 0x10000000; High Address = 0x1FFFFFFF). For
   all other master, any subset of the DDR address can be used. See Xilinx
   Answer 47167 for more information. 
Address Map for Processor ps7_0
  (0x400d0000-0x400dffff) basicquadrotorcontrol_hdl_dut_pcore_0	axi4_lite

Checking platform address map ...

Overriding IP level properties ...
INFO:EDK - IPNAME: processing_system7, INSTANCE:ps7_0 - tcl is overriding
   PARAMETER C_S_AXI_HP0_HIGHADDR value to 0x1FFFFFFF -
   C:\Xilinx\14.7\ISE_DS\EDK\hw\XilinxProcessorIPLib\pcores\processing_system7_v
   4_02_a\data\processing_system7_v2_1_0.mpd line 300 
INFO:EDK - IPNAME: processing_system7, INSTANCE:ps7_0 - tcl is overriding
   PARAMETER C_S_AXI_HP1_HIGHADDR value to 0x1FFFFFFF -
   C:\Xilinx\14.7\ISE_DS\EDK\hw\XilinxProcessorIPLib\pcores\processing_system7_v
   4_02_a\data\processing_system7_v2_1_0.mpd line 304 
INFO:EDK - IPNAME: processing_system7, INSTANCE:ps7_0 - tcl is overriding
   PARAMETER C_S_AXI_HP2_HIGHADDR value to 0x1FFFFFFF -
   C:\Xilinx\14.7\ISE_DS\EDK\hw\XilinxProcessorIPLib\pcores\processing_system7_v
   4_02_a\data\processing_system7_v2_1_0.mpd line 308 
INFO:EDK - IPNAME: processing_system7, INSTANCE:ps7_0 - tcl is overriding
   PARAMETER C_S_AXI_HP3_HIGHADDR value to 0x1FFFFFFF -
   C:\Xilinx\14.7\ISE_DS\EDK\hw\XilinxProcessorIPLib\pcores\processing_system7_v
   4_02_a\data\processing_system7_v2_1_0.mpd line 312 
INFO:EDK - IPNAME: processing_system7, INSTANCE:ps7_0 - tcl is overriding
   PARAMETER C_NUM_F2P_INTR_INPUTS value to 1 -
   C:\Xilinx\14.7\ISE_DS\EDK\hw\XilinxProcessorIPLib\pcores\processing_system7_v
   4_02_a\data\processing_system7_v2_1_0.mpd line 319 
INFO:EDK - IPNAME: axi_interconnect, INSTANCE:axi4_lite - tcl is overriding
   PARAMETER C_BASEFAMILY value to zynq -
   C:\Xilinx\14.7\ISE_DS\EDK\hw\XilinxProcessorIPLib\pcores\axi_interconnect_v1_
   06_a\data\axi_interconnect_v2_1_0.mpd line 81 

Computing clock values...
INFO:EDK - Frequency for Top-Level Input Clock 'processing_system7_0_PS_CLK' is
   not specified. Clock DRCs will not be performed for IPs connected to that
   clock port, unless they are connected through the clock generator IP. 


Performing IP level DRCs on properties...

Running DRC Tcl procedures for OPTION IPLEVEL_DRC_PROC...
INFO:EDK - INFO: DDR Base and High address in current configuration is
   0x00000000 and 0x1FFFFFFF respectively. 
INFO:EDK - INFO: You can modify the DDR address range accessed by Programmable
   Logic through the processing_system7 AXI slave interfaces. If MicroBlaze is a
   master on processing_system7 AXI slave interfaces, please use the top half of
   the address range (Base Address = 0x10000000; High Address = 0x1FFFFFFF). For
   all other master, any subset of the DDR address can be used. See Xilinx
   Answer 47167 for more information. 
Address Map for Processor ps7_0
  (0x400d0000-0x400dffff) basicquadrotorcontrol_hdl_dut_pcore_0	axi4_lite

Checking platform address map ...

Command Line: platgen -p xc7z020clg484-1 -lang vhdl -intstyle pa -stubgen
C:\Projects\Quadcopter\BasicQuadrotor\hdl_prj\edk_prj\system.mhs 

Parse C:/Projects/Quadcopter/BasicQuadrotor/hdl_prj/edk_prj/system.mhs ...

Create merged mhs ...
WARNING:EDK:4092 - IPNAME: processing_system7, INSTANCE: ps7_0 - Pre-Production
   version not verified on hardware for architecture 'zynq' -
   C:\Projects\Quadcopter\BasicQuadrotor\hdl_prj\edk_prj\system.mhs line 31 
WARNING:EDK:4092 - IPNAME: clock_generator, INSTANCE: clock_generator_0 -
   Pre-Production version not verified on hardware for architecture 'zynq' -
   C:\Projects\Quadcopter\BasicQuadrotor\hdl_prj\edk_prj\system.mhs line 137 

Overriding IP level properties ...
INFO:EDK:4130 - IPNAME: processing_system7, INSTANCE:ps7_0 - tcl is overriding
   PARAMETER C_S_AXI_HP0_HIGHADDR value to 0x1FFFFFFF -
   C:\Xilinx\14.7\ISE_DS\EDK\hw\XilinxProcessorIPLib\pcores\processing_system7_v
   4_02_a\data\processing_system7_v2_1_0.mpd line 300 
INFO:EDK:4130 - IPNAME: processing_system7, INSTANCE:ps7_0 - tcl is overriding
   PARAMETER C_S_AXI_HP1_HIGHADDR value to 0x1FFFFFFF -
   C:\Xilinx\14.7\ISE_DS\EDK\hw\XilinxProcessorIPLib\pcores\processing_system7_v
   4_02_a\data\processing_system7_v2_1_0.mpd line 304 
INFO:EDK:4130 - IPNAME: processing_system7, INSTANCE:ps7_0 - tcl is overriding
   PARAMETER C_S_AXI_HP2_HIGHADDR value to 0x1FFFFFFF -
   C:\Xilinx\14.7\ISE_DS\EDK\hw\XilinxProcessorIPLib\pcores\processing_system7_v
   4_02_a\data\processing_system7_v2_1_0.mpd line 308 
INFO:EDK:4130 - IPNAME: processing_system7, INSTANCE:ps7_0 - tcl is overriding
   PARAMETER C_S_AXI_HP3_HIGHADDR value to 0x1FFFFFFF -
   C:\Xilinx\14.7\ISE_DS\EDK\hw\XilinxProcessorIPLib\pcores\processing_system7_v
   4_02_a\data\processing_system7_v2_1_0.mpd line 312 
INFO:EDK:4130 - IPNAME: processing_system7, INSTANCE:ps7_0 - tcl is overriding
   PARAMETER C_NUM_F2P_INTR_INPUTS value to 1 -
   C:\Xilinx\14.7\ISE_DS\EDK\hw\XilinxProcessorIPLib\pcores\processing_system7_v
   4_02_a\data\processing_system7_v2_1_0.mpd line 319 
INFO:EDK:4130 - IPNAME: axi_interconnect, INSTANCE:axi4_lite - tcl is overriding
   PARAMETER C_BASEFAMILY value to zynq -
   C:\Xilinx\14.7\ISE_DS\EDK\hw\XilinxProcessorIPLib\pcores\axi_interconnect_v1_
   06_a\data\axi_interconnect_v2_1_0.mpd line 81 

Computing clock values...
INFO:EDK:1432 - Frequency for Top-Level Input Clock
   'processing_system7_0_PS_CLK' is not specified. Clock DRCs will not be
   performed for IPs connected to that clock port, unless they are connected
   through the clock generator IP. 


Performing IP level DRCs on properties...

Running DRC Tcl procedures for OPTION IPLEVEL_DRC_PROC...
INFO:EDK - INFO: DDR Base and High address in current configuration is
   0x00000000 and 0x1FFFFFFF respectively. 
INFO:EDK - INFO: You can modify the DDR address range accessed by Programmable
   Logic through the processing_system7 AXI slave interfaces. If MicroBlaze is a
   master on processing_system7 AXI slave interfaces, please use the top half of
   the address range (Base Address = 0x10000000; High Address = 0x1FFFFFFF). For
   all other master, any subset of the DDR address can be used. See Xilinx
   Answer 47167 for more information. 
Address Map for Processor ps7_0
  (0x400d0000-0x400dffff) basicquadrotorcontrol_hdl_dut_pcore_0	axi4_lite

Checking platform address map ...

Modify defaults ...

Creating stub ...

Elaborating instances ...

Inserting wrapper level ...

Writing (stub) BMM ...

Writing top-level HDL ...

Total run time: 3.00 seconds

Overriding IP level properties ...
INFO:EDK - IPNAME: processing_system7, INSTANCE:ps7_0 - tcl is overriding
   PARAMETER C_S_AXI_HP0_HIGHADDR value to 0x1FFFFFFF -
   C:\Xilinx\14.7\ISE_DS\EDK\hw\XilinxProcessorIPLib\pcores\processing_system7_v
   4_02_a\data\processing_system7_v2_1_0.mpd line 300 
INFO:EDK - IPNAME: processing_system7, INSTANCE:ps7_0 - tcl is overriding
   PARAMETER C_S_AXI_HP1_HIGHADDR value to 0x1FFFFFFF -
   C:\Xilinx\14.7\ISE_DS\EDK\hw\XilinxProcessorIPLib\pcores\processing_system7_v
   4_02_a\data\processing_system7_v2_1_0.mpd line 304 
INFO:EDK - IPNAME: processing_system7, INSTANCE:ps7_0 - tcl is overriding
   PARAMETER C_S_AXI_HP2_HIGHADDR value to 0x1FFFFFFF -
   C:\Xilinx\14.7\ISE_DS\EDK\hw\XilinxProcessorIPLib\pcores\processing_system7_v
   4_02_a\data\processing_system7_v2_1_0.mpd line 308 
INFO:EDK - IPNAME: processing_system7, INSTANCE:ps7_0 - tcl is overriding
   PARAMETER C_S_AXI_HP3_HIGHADDR value to 0x1FFFFFFF -
   C:\Xilinx\14.7\ISE_DS\EDK\hw\XilinxProcessorIPLib\pcores\processing_system7_v
   4_02_a\data\processing_system7_v2_1_0.mpd line 312 
INFO:EDK - IPNAME: processing_system7, INSTANCE:ps7_0 - tcl is overriding
   PARAMETER C_NUM_F2P_INTR_INPUTS value to 1 -
   C:\Xilinx\14.7\ISE_DS\EDK\hw\XilinxProcessorIPLib\pcores\processing_system7_v
   4_02_a\data\processing_system7_v2_1_0.mpd line 319 
INFO:EDK - IPNAME: axi_interconnect, INSTANCE:axi4_lite - tcl is overriding
   PARAMETER C_BASEFAMILY value to zynq -
   C:\Xilinx\14.7\ISE_DS\EDK\hw\XilinxProcessorIPLib\pcores\axi_interconnect_v1_
   06_a\data\axi_interconnect_v2_1_0.mpd line 81 

Computing clock values...
INFO:EDK - Frequency for Top-Level Input Clock 'processing_system7_0_PS_CLK' is
   not specified. Clock DRCs will not be performed for IPs connected to that
   clock port, unless they are connected through the clock generator IP. 


Performing IP level DRCs on properties...

Running DRC Tcl procedures for OPTION IPLEVEL_DRC_PROC...
INFO:EDK - INFO: DDR Base and High address in current configuration is
   0x00000000 and 0x1FFFFFFF respectively. 
INFO:EDK - INFO: You can modify the DDR address range accessed by Programmable
   Logic through the processing_system7 AXI slave interfaces. If MicroBlaze is a
   master on processing_system7 AXI slave interfaces, please use the top half of
   the address range (Base Address = 0x10000000; High Address = 0x1FFFFFFF). For
   all other master, any subset of the DDR address can be used. See Xilinx
   Answer 47167 for more information. 
Address Map for Processor ps7_0
  (0x400d0000-0x400dffff) basicquadrotorcontrol_hdl_dut_pcore_0	axi4_lite

Checking platform address map ...
INFO: [Edk 24-126] Wrapper generated:C:/Projects/Quadcopter/BasicQuadrotor/hdl_prj/edk_prj/system_stub.vhd
make_wrapper: Time (s): elapsed = 00:00:14 . Memory (MB): peak = 133.227 ; gain = 0.141
# add_files -fileset constrs_1 pa_constraint.ucf
# close_project
# exit
INFO: [Common 17-206] Exiting PlanAhead at Tue Feb 17 18:39:29 2015...
INFO: [Common 17-83] Releasing license: PlanAhead
