Copyright 1986-2014 Xilinx, Inc. All Rights Reserved.
--------------------------------------------------------------------------------------------
| Tool Version : Vivado v.2014.2 (win64) Build 932637 Wed Jun 11 13:33:10 MDT 2014
| Date         : Tue Apr 14 21:34:55 2015
| Host         : variable running 64-bit major release  (build 9200)
| Command      : report_clock_utilization -file System_wrapper_clock_utilization_placed.rpt
| Design       : System_wrapper
| Device       : xc7z020
--------------------------------------------------------------------------------------------

Clock Utilization Report

Table of Contents
-----------------
1. Clock Primitive Utilization
2. Details of Global Clocks
3. Details of Regional Clocks
4. Details of Multi-Regional Clocks
5. Details of I/O Clocks
6. Details of Local Clocks
7. Clock Regions : Key Resource Utilization
8. Net wise resources used in clock region X1Y0
9. Net wise resources used in clock region X0Y1
10. Net wise resources used in clock region X1Y1
11. Net wise resources used in clock region X0Y2

1. Clock Primitive Utilization
------------------------------

+-------+------+-----------+-----------+
| Type  | Used | Available | Num Fixed |
+-------+------+-----------+-----------+
| BUFG  |    3 |        32 |         0 |
| BUFH  |    0 |        72 |         0 |
| BUFIO |    0 |        16 |         0 |
| MMCM  |    1 |         4 |         0 |
| PLL   |    0 |         4 |         0 |
| BUFR  |    0 |        16 |         0 |
| BUFMR |    0 |         8 |         0 |
+-------+------+-----------+-----------+


2. Details of Global Clocks
---------------------------

+-------+----------------------------------------------------------------------+----------------------------------------------+--------------+-------+---------------+-----------+
|       |                                                                      |                                              |   Num Loads  |       |               |           |
+-------+----------------------------------------------------------------------+----------------------------------------------+------+-------+-------+---------------+-----------+
| Index | BUFG Cell                                                            | Net Name                                     | BELs | Sites | Fixed | MaxDelay (ns) | Skew (ns) |
+-------+----------------------------------------------------------------------+----------------------------------------------+------+-------+-------+---------------+-----------+
|     1 | System_i/clk_wiz_0/U0/clkf_buf                                       | System_i/clk_wiz_0/U0/O                      |    1 |     1 |    no |         1.878 |     0.094 |
|     2 | System_i/processing_system7_0/inst/buffer_fclk_clk_0.FCLK_CLK_0_BUFG | System_i/processing_system7_0/inst/FCLK_CLK0 |    1 |     1 |    no |         1.876 |     0.094 |
|     3 | System_i/clk_wiz_0/U0/clkout1_buf                                    | System_i/clk_wiz_0/U0/clk_out1               |  882 |   265 |    no |         2.048 |     0.406 |
+-------+----------------------------------------------------------------------+----------------------------------------------+------+-------+-------+---------------+-----------+


+-------+-------------------------------------+--------------------------------+--------------+-------+---------------+-----------+
|       |                                     |                                |   Num Loads  |       |               |           |
+-------+-------------------------------------+--------------------------------+------+-------+-------+---------------+-----------+
| Index | MMCM Cell                           | Net Name                       | BELs | Sites | Fixed | MaxDelay (ns) | Skew (ns) |
+-------+-------------------------------------+--------------------------------+------+-------+-------+---------------+-----------+
|     1 | System_i/clk_wiz_0/U0/mmcm_adv_inst | System_i/clk_wiz_0/U0/CLKFBOUT |    1 |     1 |    no |         1.889 |     0.094 |
|     2 | System_i/clk_wiz_0/U0/mmcm_adv_inst | System_i/clk_wiz_0/U0/CLKOUT0  |    1 |     1 |    no |         1.889 |     0.094 |
+-------+-------------------------------------+--------------------------------+------+-------+-------+---------------+-----------+


3. Details of Regional Clocks
-----------------------------

4. Details of Multi-Regional Clocks
-----------------------------------

5. Details of I/O Clocks
------------------------

6. Details of Local Clocks
--------------------------

7. Clock Regions : Key Resource Utilization
-------------------------------------------

+-------------------+--------------+--------------+--------------+--------------+--------------+--------------+--------------+--------------+--------------+--------------+--------------+--------------+--------------+--------------+--------------+
|                   | Global Clock |     BUFRs    |    BUFMRs    |    BUFIOs    |     MMCM     |      PLL     |      GT      |      PCI     |    ILOGIC    |    OLOGIC    |      FF      |     LUTM     |    RAMB18    |    RAMB36    |    DSP48E1   |
+-------------------+------+-------+------+-------+------+-------+------+-------+------+-------+------+-------+------+-------+------+-------+------+-------+------+-------+------+-------+------+-------+------+-------+------+-------+------+-------+
| Clock Region Name | Used | Avail | Used | Avail | Used | Avail | Used | Avail | Used | Avail | Used | Avail | Used | Avail | Used | Avail | Used | Avail | Used | Avail | Used | Avail | Used | Avail | Used | Avail | Used | Avail | Used | Avail |
+-------------------+------+-------+------+-------+------+-------+------+-------+------+-------+------+-------+------+-------+------+-------+------+-------+------+-------+------+-------+------+-------+------+-------+------+-------+------+-------+
| X0Y0              |    0 |    12 |    0 |     4 |    0 |     2 |    0 |     4 |    0 |     1 |    0 |     1 |    0 |     0 |    0 |     0 |    0 |    50 |    0 |    50 |    0 | 20000 |    0 |  4000 |    0 |    60 |    0 |    30 |    0 |    60 |
| X1Y0              |    2 |    12 |    0 |     4 |    0 |     2 |    0 |     4 |    1 |     1 |    0 |     1 |    0 |     0 |    0 |     0 |    0 |    50 |    0 |    50 |    0 | 25600 |    0 |  3400 |    0 |    60 |    0 |    30 |    0 |    40 |
| X0Y1              |    1 |    12 |    0 |     0 |    0 |     0 |    0 |     0 |    0 |     0 |    0 |     0 |    0 |     0 |    0 |     0 |    0 |     0 |    0 |     0 |  681 |  9600 |   51 |  1600 |    0 |    20 |    0 |    10 |    0 |    20 |
| X1Y1              |    1 |    12 |    0 |     4 |    0 |     2 |    0 |     4 |    0 |     1 |    0 |     1 |    0 |     0 |    0 |     0 |    0 |    50 |    0 |    50 |   24 | 20800 |    1 |  3400 |    0 |    60 |    0 |    30 |    0 |    40 |
| X0Y2              |    1 |    12 |    0 |     0 |    0 |     0 |    0 |     0 |    0 |     0 |    0 |     0 |    0 |     0 |    0 |     0 |    0 |     0 |    0 |     0 |  106 |  9600 |   18 |  1600 |    0 |    20 |    0 |    10 |    0 |    20 |
| X1Y2              |    0 |    12 |    0 |     4 |    0 |     2 |    0 |     4 |    0 |     1 |    0 |     1 |    0 |     0 |    0 |     0 |    0 |    50 |    0 |    50 |    0 | 20800 |    0 |  3400 |    0 |    60 |    0 |    30 |    0 |    40 |
+-------------------+------+-------+------+-------+------+-------+------+-------+------+-------+------+-------+------+-------+------+-------+------+-------+------+-------+------+-------+------+-------+------+-------+------+-------+------+-------+
* RAMB36 site can be used as two RAMB18/FIFO18 sites


8. Net wise resources used in clock region X1Y0
-----------------------------------------------

+-------------+-------------+-------+-----------+----------+---------+-----------+---------+---------+-----+-------+----------+----------------------------------------------+
| Source Type | BUFHCE Site | Fixed | MMCM Pins | PLL Pins | GT Pins | BRAM Pins | ILOGICs | OLOGICs | FFs | LUTMs | DSP48E1s |                Clock Net Name                |
+-------------+-------------+-------+-----------+----------+---------+-----------+---------+---------+-----+-------+----------+----------------------------------------------+
| BUFG        |     ---     |   no  |         1 |        0 |       0 |         0 |       0 |       0 |   0 |     0 |        0 | System_i/clk_wiz_0/U0/O                      |
| BUFG        |     ---     |   no  |         1 |        0 |       0 |         0 |       0 |       0 |   0 |     0 |        0 | System_i/processing_system7_0/inst/FCLK_CLK0 |
+-------------+-------------+-------+-----------+----------+---------+-----------+---------+---------+-----+-------+----------+----------------------------------------------+


9. Net wise resources used in clock region X0Y1
-----------------------------------------------

+-------------+-------------+-------+-----------+----------+---------+-----------+---------+---------+-----+-------+----------+--------------------------------+
| Source Type | BUFHCE Site | Fixed | MMCM Pins | PLL Pins | GT Pins | BRAM Pins | ILOGICs | OLOGICs | FFs | LUTMs | DSP48E1s |         Clock Net Name         |
+-------------+-------------+-------+-----------+----------+---------+-----------+---------+---------+-----+-------+----------+--------------------------------+
| BUFG        |     ---     |   no  |         0 |        0 |       0 |         0 |       0 |       0 | 681 |    51 |        0 | System_i/clk_wiz_0/U0/clk_out1 |
+-------------+-------------+-------+-----------+----------+---------+-----------+---------+---------+-----+-------+----------+--------------------------------+


10. Net wise resources used in clock region X1Y1
------------------------------------------------

+-------------+-------------+-------+-----------+----------+---------+-----------+---------+---------+-----+-------+----------+--------------------------------+
| Source Type | BUFHCE Site | Fixed | MMCM Pins | PLL Pins | GT Pins | BRAM Pins | ILOGICs | OLOGICs | FFs | LUTMs | DSP48E1s |         Clock Net Name         |
+-------------+-------------+-------+-----------+----------+---------+-----------+---------+---------+-----+-------+----------+--------------------------------+
| BUFG        |     ---     |   no  |         0 |        0 |       0 |         0 |       0 |       0 |  24 |     1 |        0 | System_i/clk_wiz_0/U0/clk_out1 |
+-------------+-------------+-------+-----------+----------+---------+-----------+---------+---------+-----+-------+----------+--------------------------------+


11. Net wise resources used in clock region X0Y2
------------------------------------------------

+-------------+-------------+-------+-----------+----------+---------+-----------+---------+---------+-----+-------+----------+--------------------------------+
| Source Type | BUFHCE Site | Fixed | MMCM Pins | PLL Pins | GT Pins | BRAM Pins | ILOGICs | OLOGICs | FFs | LUTMs | DSP48E1s |         Clock Net Name         |
+-------------+-------------+-------+-----------+----------+---------+-----------+---------+---------+-----+-------+----------+--------------------------------+
| BUFG        |     ---     |   no  |         0 |        0 |       0 |         0 |       0 |       0 | 106 |    18 |        0 | System_i/clk_wiz_0/U0/clk_out1 |
+-------------+-------------+-------+-----------+----------+---------+-----------+---------+---------+-----+-------+----------+--------------------------------+



# Location of BUFG Primitives 
set_property LOC BUFGCTRL_X0Y1 [get_cells System_i/clk_wiz_0/U0/clkf_buf]
set_property LOC BUFGCTRL_X0Y0 [get_cells System_i/clk_wiz_0/U0/clkout1_buf]
set_property LOC BUFGCTRL_X0Y16 [get_cells System_i/processing_system7_0/inst/buffer_fclk_clk_0.FCLK_CLK_0_BUFG]

# Location of IO Clock Primitives

# Location of MMCM Clock Primitives
set_property LOC MMCME2_ADV_X1Y0 [get_cells System_i/clk_wiz_0/U0/mmcm_adv_inst]

# Location of BUFH Clock Primitives

# Location of BUFR Clock Primitives

# Location of BUFMR Clock Primitives

# Location of PLL Clock Primitives

# Location of IO Primitives which is load of clock spine

# Location of clock ports

# Clock net "System_i/clk_wiz_0/U0/clk_out1" driven by instance "System_i/clk_wiz_0/U0/clkout1_buf" located at site "BUFGCTRL_X0Y0"
#startgroup
create_pblock CLKAG_System_i/clk_wiz_0/U0/clk_out1
add_cells_to_pblock [get_pblocks  CLKAG_System_i/clk_wiz_0/U0/clk_out1] [get_cells  -filter { IS_PRIMITIVE==1 && PRIMITIVE_LEVEL !=INTERNAL } -of_object [get_pins -filter {DIRECTION==IN} -of_objects [get_nets -hierarchical -filter {PARENT=="System_i/clk_wiz_0/U0/clk_out1"}]]]
resize_pblock [get_pblocks CLKAG_System_i/clk_wiz_0/U0/clk_out1] -add {CLOCKREGION_X0Y0:CLOCKREGION_X0Y0 CLOCKREGION_X0Y1:CLOCKREGION_X0Y1 CLOCKREGION_X0Y2:CLOCKREGION_X0Y2 CLOCKREGION_X1Y0:CLOCKREGION_X1Y0 CLOCKREGION_X1Y1:CLOCKREGION_X1Y1 CLOCKREGION_X1Y2:CLOCKREGION_X1Y2}
#endgroup
